#-----------------------------------------------------------
# Vivado v2024.2 (64-bit)
# SW Build 5239630 on Fri Nov 08 22:34:34 MST 2024
# IP Build 5239520 on Sun Nov 10 16:12:51 MST 2024
# SharedData Build 5239561 on Fri Nov 08 14:39:27 MST 2024
# Start of session at: Sat Feb 15 03:06:09 2025
# Process ID         : 12381
# Current directory  : /home/dtorres/Documents/work/PID_maze_navigator/vivado
# Command line       : vivado
# Log file           : /home/dtorres/Documents/work/PID_maze_navigator/vivado/vivado.log
# Journal file       : /home/dtorres/Documents/work/PID_maze_navigator/vivado/vivado.jou
# Running On         : dtorres-MS-7D46
# Platform           : Ubuntu
# Operating System   : Ubuntu 24.04.1 LTS
# Processor Detail   : 12th Gen Intel(R) Core(TM) i5-12400F
# CPU Frequency      : 799.794 MHz
# CPU Physical cores : 6
# CPU Logical cores  : 12
# Host memory        : 16619 MB
# Swap memory        : 4294 MB
# Total Virtual      : 20914 MB
# Available Virtual  : 16487 MB
#-----------------------------------------------------------
start_gui
open_project /home/dtorres/Documents/work/PID_maze_navigator/vivado/pwm/pwm.xpr
CRITICAL WARNING: [Project 1-19] Could not find the file '/home/dtorres/Documents/work/PID_maze_navigator/src/edge_detector.sv'.
Scanning sources...
Finished scanning sources
INFO: [IP_Flow 19-234] Refreshing IP repositories
INFO: [IP_Flow 19-1704] No user IP repositories specified
INFO: [IP_Flow 19-2313] Loaded Vivado IP repository '/opt/Xilinx/Vivado/2024.2/data/ip'.
update_compile_order -fileset sources_1
export_ip_user_files -of_objects  [get_files /home/dtorres/Documents/work/PID_maze_navigator/vivado/pwm/pwm.srcs/sources_1/ip/clk_wiz_0/clk_wiz_0.xci] -no_script -reset -force -quiet
remove_files  -fileset clk_wiz_0 /home/dtorres/Documents/work/PID_maze_navigator/vivado/pwm/pwm.srcs/sources_1/ip/clk_wiz_0/clk_wiz_0.xci
INFO: [Project 1-386] Moving file '/home/dtorres/Documents/work/PID_maze_navigator/vivado/pwm/pwm.srcs/sources_1/ip/clk_wiz_0/clk_wiz_0.xci' from fileset 'clk_wiz_0' to fileset 'sources_1'.
file delete -force /home/dtorres/Documents/work/PID_maze_navigator/vivado/pwm/pwm.srcs/sources_1/ip/clk_wiz_0
file delete -force /home/dtorres/Documents/work/PID_maze_navigator/vivado/pwm/pwm.gen/sources_1/ip/clk_wiz_0
export_ip_user_files -of_objects  [get_files /home/dtorres/Documents/work/PID_maze_navigator/src/edge_detector.sv] -no_script -reset -force -quiet
remove_files  /home/dtorres/Documents/work/PID_maze_navigator/src/edge_detector.sv
WARNING: [filemgmt 56-199] Attempt to get parsing info during refresh. "On-the-fly" syntax checking information may be incorrect. [/home/dtorres/Documents/work/PID_maze_navigator/sim/tachometer_interface_tb.sv:]
WARNING: [filemgmt 56-199] Attempt to get parsing info during refresh. "On-the-fly" syntax checking information may be incorrect. [/home/dtorres/Documents/work/PID_maze_navigator/src/tachometer_interface.sv:]
WARNING: [filemgmt 56-199] Attempt to get parsing info during refresh. "On-the-fly" syntax checking information may be incorrect. [/home/dtorres/Documents/work/PID_maze_navigator/sim/tachometer_interface_tb.sv:]
WARNING: [filemgmt 56-199] Attempt to get parsing info during refresh. "On-the-fly" syntax checking information may be incorrect. [/home/dtorres/Documents/work/PID_maze_navigator/sim/tachometer_interface_tb.sv:]
WARNING: [filemgmt 56-199] Attempt to get parsing info during refresh. "On-the-fly" syntax checking information may be incorrect. [/home/dtorres/Documents/work/PID_maze_navigator/sim/tachometer_interface_tb.sv:]
WARNING: [filemgmt 56-199] Attempt to get parsing info during refresh. "On-the-fly" syntax checking information may be incorrect. [/home/dtorres/Documents/work/PID_maze_navigator/src/tachometer_interface.sv:]
WARNING: [filemgmt 56-199] Attempt to get parsing info during refresh. "On-the-fly" syntax checking information may be incorrect. [/home/dtorres/Documents/work/PID_maze_navigator/src/tachometer_interface.sv:]
WARNING: [filemgmt 56-199] Attempt to get parsing info during refresh. "On-the-fly" syntax checking information may be incorrect. [/home/dtorres/Documents/work/PID_maze_navigator/src/tachometer_interface.sv:]
WARNING: [filemgmt 56-199] Attempt to get parsing info during refresh. "On-the-fly" syntax checking information may be incorrect. [/home/dtorres/Documents/work/PID_maze_navigator/sim/tachometer_interface_tb.sv:]
WARNING: [filemgmt 56-199] Attempt to get parsing info during refresh. "On-the-fly" syntax checking information may be incorrect. [/home/dtorres/Documents/work/PID_maze_navigator/src/tachometer_interface.sv:]
WARNING: [filemgmt 56-199] Attempt to get parsing info during refresh. "On-the-fly" syntax checking information may be incorrect. [/home/dtorres/Documents/work/PID_maze_navigator/src/tachometer_interface.sv:]
WARNING: [filemgmt 56-199] Attempt to get parsing info during refresh. "On-the-fly" syntax checking information may be incorrect. [/home/dtorres/Documents/work/PID_maze_navigator/src/tachometer_interface.sv:]
launch_simulation
Command: launch_simulation 
INFO: [Vivado 12-12493] Simulation top is 'tachometer_interface_tb'
INFO: [Vivado 12-5682] Launching behavioral simulation in '/home/dtorres/Documents/work/PID_maze_navigator/vivado/pwm/pwm.sim/sim_1/behav/xsim'
INFO: [SIM-utils-51] Simulation object is 'sim_1'
INFO: [SIM-utils-72] Using boost library from '/opt/Xilinx/Vivado/2024.2/tps/boost_1_72_0'
INFO: [SIM-utils-54] Inspecting design source files for 'tachometer_interface_tb' in fileset 'sim_1'...
INFO: [USF-XSim-97] Finding global include files...
INFO: [USF-XSim-98] Fetching design files from 'sim_1'...
INFO: [USF-XSim-2] XSim::Compile design
INFO: [USF-XSim-61] Executing 'COMPILE and ANALYZE' step in '/home/dtorres/Documents/work/PID_maze_navigator/vivado/pwm/pwm.sim/sim_1/behav/xsim'
xvlog --incr --relax -L uvm -prj tachometer_interface_tb_vlog.prj
INFO: [VRFC 10-2263] Analyzing SystemVerilog file "/home/dtorres/Documents/work/PID_maze_navigator/src/tachometer_interface.sv" into library xil_defaultlib
INFO: [VRFC 10-311] analyzing module tachometer_interface
INFO: [VRFC 10-2263] Analyzing SystemVerilog file "/home/dtorres/Documents/work/PID_maze_navigator/sim/tachometer_interface_tb.sv" into library xil_defaultlib
INFO: [VRFC 10-311] analyzing module tachometer_interface_tb
Waiting for jobs to finish...
No pending jobs, compilation finished.
INFO: [USF-XSim-69] 'compile' step finished in '1' seconds
INFO: [USF-XSim-3] XSim::Elaborate design
INFO: [USF-XSim-61] Executing 'ELABORATE' step in '/home/dtorres/Documents/work/PID_maze_navigator/vivado/pwm/pwm.sim/sim_1/behav/xsim'
xelab --incr --debug typical --relax --mt 8 -L xil_defaultlib -L uvm -L unisims_ver -L unimacro_ver -L secureip --snapshot tachometer_interface_tb_behav xil_defaultlib.tachometer_interface_tb xil_defaultlib.glbl -log elaborate.log
Vivado Simulator v2024.2.0
Copyright 1986-2022 Xilinx, Inc. All Rights Reserved.
Copyright 2022-2024 Advanced Micro Devices, Inc. All Rights Reserved.
Running: /opt/Xilinx/Vivado/2024.2/bin/unwrapped/lnx64.o/xelab --incr --debug typical --relax --mt 8 -L xil_defaultlib -L uvm -L unisims_ver -L unimacro_ver -L secureip --snapshot tachometer_interface_tb_behav xil_defaultlib.tachometer_interface_tb xil_defaultlib.glbl -log elaborate.log 
Using 8 slave threads.
Starting static elaboration
Pass Through NonSizing Optimizer
Completed static elaboration
Starting simulation data flow analysis
WARNING: [XSIM 43-4100] "/home/dtorres/Documents/work/PID_maze_navigator/vivado/pwm/pwm.sim/sim_1/behav/xsim/glbl.v" Line 6. Module glbl has a timescale but at least one module in design doesn't have timescale.
WARNING: [XSIM 43-4100] "/home/dtorres/Documents/work/PID_maze_navigator/vivado/pwm/pwm.sim/sim_1/behav/xsim/glbl.v" Line 6. Module glbl has a timescale but at least one module in design doesn't have timescale.
Completed simulation data flow analysis
Time Resolution for simulation is 1ps
Compiling module xil_defaultlib.tachometer_interface
Compiling module xil_defaultlib.tachometer_interface_tb
Compiling module xil_defaultlib.glbl
Built simulation snapshot tachometer_interface_tb_behav
INFO: [USF-XSim-69] 'elaborate' step finished in '1' seconds
INFO: [USF-XSim-4] XSim::Simulate design
INFO: [USF-XSim-61] Executing 'SIMULATE' step in '/home/dtorres/Documents/work/PID_maze_navigator/vivado/pwm/pwm.sim/sim_1/behav/xsim'
INFO: [USF-XSim-98] *** Running xsim
   with args "tachometer_interface_tb_behav -key {Behavioral:sim_1:Functional:tachometer_interface_tb} -tclbatch {tachometer_interface_tb.tcl} -view {/home/dtorres/Documents/work/PID_maze_navigator/vivado/pwm/tachometer_interface_tb_behav.wcfg} -log {simulate.log}"
INFO: [USF-XSim-8] Loading simulator feature
Time resolution is 1 ps
open_wave_config /home/dtorres/Documents/work/PID_maze_navigator/vivado/pwm/tachometer_interface_tb_behav.wcfg
WARNING: Simulation object /tachometer_interface_tb/rpm_meas_out was not found in the design.
WARNING: Simulation object /tachometer_interface_tb/R was not found in the design.
WARNING: Simulation object /tachometer_interface_tb/tachometer_interface_inst/state was not found in the design.
source tachometer_interface_tb.tcl
# set curr_wave [current_wave_config]
# if { [string length $curr_wave] == 0 } {
#   if { [llength [get_objects]] > 0} {
#     add_wave /
#     set_property needs_save false [current_wave_config]
#   } else {
#      send_msg_id Add_Wave-1 WARNING "No top level signals found. Simulator will start without a wave window. If you want to open a wave window go to 'File->New Waveform Configuration' or type 'create_wave_config' in the TCL console."
#   }
# }
# run all
INFO: [Common 17-41] Interrupt caught. Command should exit soon.
run: Time (s): cpu = 00:00:59 ; elapsed = 00:00:55 . Memory (MB): peak = 8031.785 ; gain = 20.000 ; free physical = 5250 ; free virtual = 15552
INFO: [Common 17-344] 'run' was cancelled
INFO: [Common 17-344] 'source' was cancelled
xsim: Time (s): cpu = 00:01:00 ; elapsed = 00:00:57 . Memory (MB): peak = 8031.785 ; gain = 55.820 ; free physical = 5250 ; free virtual = 15552
INFO: [Common 17-344] 'xsim' was cancelled
INFO: [Vivado 12-5357] 'simulate' step aborted
launch_simulation: Time (s): cpu = 00:01:03 ; elapsed = 00:01:00 . Memory (MB): peak = 8031.785 ; gain = 61.297 ; free physical = 5250 ; free virtual = 15552
INFO: [Common 17-344] 'launch_simulation' was cancelled
current_wave_config {tachometer_interface_tb_behav.wcfg}
tachometer_interface_tb_behav.wcfg
add_wave {{/tachometer_interface_tb/i_tachometer_interface/actual_rpm_out}} 
relaunch_sim
INFO: xsimkernel Simulation Memory Usage: 262304 KB (Peak: 319576 KB), Simulation CPU Usage: 20710 ms
Command: launch_simulation -step compile -simset sim_1 -mode behavioral
INFO: [Vivado 12-12493] Simulation top is 'tachometer_interface_tb'
INFO: [Vivado 12-5682] Launching behavioral simulation in '/home/dtorres/Documents/work/PID_maze_navigator/vivado/pwm/pwm.sim/sim_1/behav/xsim'
INFO: [SIM-utils-51] Simulation object is 'sim_1'
INFO: [SIM-utils-72] Using boost library from '/opt/Xilinx/Vivado/2024.2/tps/boost_1_72_0'
INFO: [SIM-utils-54] Inspecting design source files for 'tachometer_interface_tb' in fileset 'sim_1'...
INFO: [USF-XSim-97] Finding global include files...
INFO: [USF-XSim-98] Fetching design files from 'sim_1'...
INFO: [USF-XSim-2] XSim::Compile design
INFO: [USF-XSim-61] Executing 'COMPILE and ANALYZE' step in '/home/dtorres/Documents/work/PID_maze_navigator/vivado/pwm/pwm.sim/sim_1/behav/xsim'
xvlog --incr --relax -L uvm -prj tachometer_interface_tb_vlog.prj
INFO: [VRFC 10-2263] Analyzing SystemVerilog file "/home/dtorres/Documents/work/PID_maze_navigator/src/tachometer_interface.sv" into library xil_defaultlib
INFO: [VRFC 10-311] analyzing module tachometer_interface
INFO: [VRFC 10-2263] Analyzing SystemVerilog file "/home/dtorres/Documents/work/PID_maze_navigator/sim/tachometer_interface_tb.sv" into library xil_defaultlib
INFO: [VRFC 10-311] analyzing module tachometer_interface_tb
Waiting for jobs to finish...
No pending jobs, compilation finished.
INFO: [USF-XSim-69] 'compile' step finished in '1' seconds
Command: launch_simulation -step elaborate -simset sim_1 -mode behavioral
INFO: [Vivado 12-12493] Simulation top is 'tachometer_interface_tb'
INFO: [Vivado 12-5682] Launching behavioral simulation in '/home/dtorres/Documents/work/PID_maze_navigator/vivado/pwm/pwm.sim/sim_1/behav/xsim'
INFO: [SIM-utils-51] Simulation object is 'sim_1'
INFO: [USF-XSim-3] XSim::Elaborate design
INFO: [USF-XSim-61] Executing 'ELABORATE' step in '/home/dtorres/Documents/work/PID_maze_navigator/vivado/pwm/pwm.sim/sim_1/behav/xsim'
xelab --incr --debug typical --relax --mt 8 -L xil_defaultlib -L uvm -L unisims_ver -L unimacro_ver -L secureip --snapshot tachometer_interface_tb_behav xil_defaultlib.tachometer_interface_tb xil_defaultlib.glbl -log elaborate.log
Vivado Simulator v2024.2.0
Copyright 1986-2022 Xilinx, Inc. All Rights Reserved.
Copyright 2022-2024 Advanced Micro Devices, Inc. All Rights Reserved.
Running: /opt/Xilinx/Vivado/2024.2/bin/unwrapped/lnx64.o/xelab --incr --debug typical --relax --mt 8 -L xil_defaultlib -L uvm -L unisims_ver -L unimacro_ver -L secureip --snapshot tachometer_interface_tb_behav xil_defaultlib.tachometer_interface_tb xil_defaultlib.glbl -log elaborate.log 
Using 8 slave threads.
Starting static elaboration
Pass Through NonSizing Optimizer
Completed static elaboration
Starting simulation data flow analysis
WARNING: [XSIM 43-4100] "/home/dtorres/Documents/work/PID_maze_navigator/vivado/pwm/pwm.sim/sim_1/behav/xsim/glbl.v" Line 6. Module glbl has a timescale but at least one module in design doesn't have timescale.
WARNING: [XSIM 43-4100] "/home/dtorres/Documents/work/PID_maze_navigator/vivado/pwm/pwm.sim/sim_1/behav/xsim/glbl.v" Line 6. Module glbl has a timescale but at least one module in design doesn't have timescale.
Completed simulation data flow analysis
Time Resolution for simulation is 1ps
Compiling module xil_defaultlib.tachometer_interface
Compiling module xil_defaultlib.tachometer_interface_tb
Compiling module xil_defaultlib.glbl
Built simulation snapshot tachometer_interface_tb_behav
INFO: [USF-XSim-69] 'elaborate' step finished in '1' seconds
Time resolution is 1 ps
INFO: [Common 17-41] Interrupt caught. Command should exit soon.
run: Time (s): cpu = 00:02:07 ; elapsed = 00:02:03 . Memory (MB): peak = 8031.785 ; gain = 0.000 ; free physical = 2667 ; free virtual = 15517
INFO: [Common 17-344] 'run' was cancelled
INFO: [Common 17-344] 'source' was cancelled
relaunch_xsim_kernel: Time (s): cpu = 00:02:07 ; elapsed = 00:02:04 . Memory (MB): peak = 8031.785 ; gain = 0.000 ; free physical = 2667 ; free virtual = 15517
INFO: [Common 17-344] 'relaunch_xsim_kernel' was cancelled
INFO: [Common 17-344] 'relaunch_sim' was cancelled
WARNING: [filemgmt 56-199] Attempt to get parsing info during refresh. "On-the-fly" syntax checking information may be incorrect. [/home/dtorres/Documents/work/PID_maze_navigator/sim/tachometer_interface_tb.sv:]
WARNING: [filemgmt 56-199] Attempt to get parsing info during refresh. "On-the-fly" syntax checking information may be incorrect. [/home/dtorres/Documents/work/PID_maze_navigator/src/tachometer_interface.sv:]
WARNING: [filemgmt 56-199] Attempt to get parsing info during refresh. "On-the-fly" syntax checking information may be incorrect. [/home/dtorres/Documents/work/PID_maze_navigator/src/tachometer_interface.sv:]
WARNING: [filemgmt 56-199] Attempt to get parsing info during refresh. "On-the-fly" syntax checking information may be incorrect. [/home/dtorres/Documents/work/PID_maze_navigator/src/tachometer_interface.sv:]
WARNING: [filemgmt 56-199] Attempt to get parsing info during refresh. "On-the-fly" syntax checking information may be incorrect. [/home/dtorres/Documents/work/PID_maze_navigator/sim/tachometer_interface_tb.sv:]
WARNING: [filemgmt 56-199] Attempt to get parsing info during refresh. "On-the-fly" syntax checking information may be incorrect. [/home/dtorres/Documents/work/PID_maze_navigator/src/tachometer_interface.sv:]
WARNING: [filemgmt 56-199] Attempt to get parsing info during refresh. "On-the-fly" syntax checking information may be incorrect. [/home/dtorres/Documents/work/PID_maze_navigator/src/tachometer_interface.sv:]
WARNING: [filemgmt 56-199] Attempt to get parsing info during refresh. "On-the-fly" syntax checking information may be incorrect. [/home/dtorres/Documents/work/PID_maze_navigator/src/tachometer_interface.sv:]
WARNING: [filemgmt 56-199] Attempt to get parsing info during refresh. "On-the-fly" syntax checking information may be incorrect. [/home/dtorres/Documents/work/PID_maze_navigator/sim/tachometer_interface_tb.sv:]
WARNING: [filemgmt 56-199] Attempt to get parsing info during refresh. "On-the-fly" syntax checking information may be incorrect. [/home/dtorres/Documents/work/PID_maze_navigator/src/tachometer_interface.sv:]
WARNING: [filemgmt 56-199] Attempt to get parsing info during refresh. "On-the-fly" syntax checking information may be incorrect. [/home/dtorres/Documents/work/PID_maze_navigator/src/tachometer_interface.sv:]
WARNING: [filemgmt 56-199] Attempt to get parsing info during refresh. "On-the-fly" syntax checking information may be incorrect. [/home/dtorres/Documents/work/PID_maze_navigator/src/tachometer_interface.sv:]
WARNING: [filemgmt 56-199] Attempt to get parsing info during refresh. "On-the-fly" syntax checking information may be incorrect. [/home/dtorres/Documents/work/PID_maze_navigator/sim/tachometer_interface_tb.sv:]
WARNING: [filemgmt 56-199] Attempt to get parsing info during refresh. "On-the-fly" syntax checking information may be incorrect. [/home/dtorres/Documents/work/PID_maze_navigator/src/tachometer_interface.sv:]
WARNING: [filemgmt 56-199] Attempt to get parsing info during refresh. "On-the-fly" syntax checking information may be incorrect. [/home/dtorres/Documents/work/PID_maze_navigator/src/tachometer_interface.sv:]
WARNING: [filemgmt 56-199] Attempt to get parsing info during refresh. "On-the-fly" syntax checking information may be incorrect. [/home/dtorres/Documents/work/PID_maze_navigator/src/tachometer_interface.sv:]
WARNING: [filemgmt 56-199] Attempt to get parsing info during refresh. "On-the-fly" syntax checking information may be incorrect. [/home/dtorres/Documents/work/PID_maze_navigator/sim/tachometer_interface_tb.sv:]
WARNING: [filemgmt 56-199] Attempt to get parsing info during refresh. "On-the-fly" syntax checking information may be incorrect. [/home/dtorres/Documents/work/PID_maze_navigator/src/tachometer_interface.sv:]
WARNING: [filemgmt 56-199] Attempt to get parsing info during refresh. "On-the-fly" syntax checking information may be incorrect. [/home/dtorres/Documents/work/PID_maze_navigator/sim/tachometer_interface_tb.sv:]
WARNING: [filemgmt 56-199] Attempt to get parsing info during refresh. "On-the-fly" syntax checking information may be incorrect. [/home/dtorres/Documents/work/PID_maze_navigator/sim/tachometer_interface_tb.sv:]
WARNING: [filemgmt 56-199] Attempt to get parsing info during refresh. "On-the-fly" syntax checking information may be incorrect. [/home/dtorres/Documents/work/PID_maze_navigator/sim/tachometer_interface_tb.sv:]
WARNING: [filemgmt 56-199] Attempt to get parsing info during refresh. "On-the-fly" syntax checking information may be incorrect. [/home/dtorres/Documents/work/PID_maze_navigator/src/tachometer_interface.sv:]
WARNING: [filemgmt 56-199] Attempt to get parsing info during refresh. "On-the-fly" syntax checking information may be incorrect. [/home/dtorres/Documents/work/PID_maze_navigator/src/tachometer_interface.sv:]
WARNING: [filemgmt 56-199] Attempt to get parsing info during refresh. "On-the-fly" syntax checking information may be incorrect. [/home/dtorres/Documents/work/PID_maze_navigator/src/tachometer_interface.sv:]
WARNING: [filemgmt 56-199] Attempt to get parsing info during refresh. "On-the-fly" syntax checking information may be incorrect. [/home/dtorres/Documents/work/PID_maze_navigator/sim/tachometer_interface_tb.sv:]
WARNING: [filemgmt 56-199] Attempt to get parsing info during refresh. "On-the-fly" syntax checking information may be incorrect. [/home/dtorres/Documents/work/PID_maze_navigator/src/tachometer_interface.sv:]
WARNING: [filemgmt 56-199] Attempt to get parsing info during refresh. "On-the-fly" syntax checking information may be incorrect. [/home/dtorres/Documents/work/PID_maze_navigator/src/tachometer_interface.sv:]
WARNING: [filemgmt 56-199] Attempt to get parsing info during refresh. "On-the-fly" syntax checking information may be incorrect. [/home/dtorres/Documents/work/PID_maze_navigator/src/tachometer_interface.sv:]
WARNING: [filemgmt 56-199] Attempt to get parsing info during refresh. "On-the-fly" syntax checking information may be incorrect. [/home/dtorres/Documents/work/PID_maze_navigator/sim/tachometer_interface_tb.sv:]
WARNING: [filemgmt 56-199] Attempt to get parsing info during refresh. "On-the-fly" syntax checking information may be incorrect. [/home/dtorres/Documents/work/PID_maze_navigator/src/tachometer_interface.sv:]
WARNING: [filemgmt 56-199] Attempt to get parsing info during refresh. "On-the-fly" syntax checking information may be incorrect. [/home/dtorres/Documents/work/PID_maze_navigator/src/tachometer_interface.sv:]
WARNING: [filemgmt 56-199] Attempt to get parsing info during refresh. "On-the-fly" syntax checking information may be incorrect. [/home/dtorres/Documents/work/PID_maze_navigator/src/tachometer_interface.sv:]
save_wave_config {/home/dtorres/Documents/work/PID_maze_navigator/vivado/pwm/tachometer_interface_tb_behav.wcfg}
close_sim
INFO: xsimkernel Simulation Memory Usage: 262304 KB (Peak: 319576 KB), Simulation CPU Usage: 45510 ms
INFO: [Simtcl 6-16] Simulation closed
launch_simulation
Command: launch_simulation 
INFO: [Vivado 12-12493] Simulation top is 'tachometer_interface_tb'
INFO: [Vivado 12-5682] Launching behavioral simulation in '/home/dtorres/Documents/work/PID_maze_navigator/vivado/pwm/pwm.sim/sim_1/behav/xsim'
INFO: [SIM-utils-51] Simulation object is 'sim_1'
INFO: [SIM-utils-72] Using boost library from '/opt/Xilinx/Vivado/2024.2/tps/boost_1_72_0'
INFO: [SIM-utils-54] Inspecting design source files for 'tachometer_interface_tb' in fileset 'sim_1'...
INFO: [USF-XSim-97] Finding global include files...
INFO: [USF-XSim-98] Fetching design files from 'sim_1'...
INFO: [USF-XSim-2] XSim::Compile design
INFO: [USF-XSim-61] Executing 'COMPILE and ANALYZE' step in '/home/dtorres/Documents/work/PID_maze_navigator/vivado/pwm/pwm.sim/sim_1/behav/xsim'
xvlog --incr --relax -L uvm -prj tachometer_interface_tb_vlog.prj
INFO: [VRFC 10-2263] Analyzing SystemVerilog file "/home/dtorres/Documents/work/PID_maze_navigator/src/tachometer_interface.sv" into library xil_defaultlib
INFO: [VRFC 10-311] analyzing module tachometer_interface
INFO: [VRFC 10-2263] Analyzing SystemVerilog file "/home/dtorres/Documents/work/PID_maze_navigator/sim/tachometer_interface_tb.sv" into library xil_defaultlib
INFO: [VRFC 10-311] analyzing module tachometer_interface_tb
Waiting for jobs to finish...
No pending jobs, compilation finished.
INFO: [USF-XSim-69] 'compile' step finished in '1' seconds
INFO: [USF-XSim-3] XSim::Elaborate design
INFO: [USF-XSim-61] Executing 'ELABORATE' step in '/home/dtorres/Documents/work/PID_maze_navigator/vivado/pwm/pwm.sim/sim_1/behav/xsim'
xelab --incr --debug typical --relax --mt 8 -L xil_defaultlib -L uvm -L unisims_ver -L unimacro_ver -L secureip --snapshot tachometer_interface_tb_behav xil_defaultlib.tachometer_interface_tb xil_defaultlib.glbl -log elaborate.log
Vivado Simulator v2024.2.0
Copyright 1986-2022 Xilinx, Inc. All Rights Reserved.
Copyright 2022-2024 Advanced Micro Devices, Inc. All Rights Reserved.
Running: /opt/Xilinx/Vivado/2024.2/bin/unwrapped/lnx64.o/xelab --incr --debug typical --relax --mt 8 -L xil_defaultlib -L uvm -L unisims_ver -L unimacro_ver -L secureip --snapshot tachometer_interface_tb_behav xil_defaultlib.tachometer_interface_tb xil_defaultlib.glbl -log elaborate.log 
Using 8 slave threads.
Starting static elaboration
Pass Through NonSizing Optimizer
Completed static elaboration
Starting simulation data flow analysis
WARNING: [XSIM 43-4100] "/home/dtorres/Documents/work/PID_maze_navigator/vivado/pwm/pwm.sim/sim_1/behav/xsim/glbl.v" Line 6. Module glbl has a timescale but at least one module in design doesn't have timescale.
WARNING: [XSIM 43-4100] "/home/dtorres/Documents/work/PID_maze_navigator/vivado/pwm/pwm.sim/sim_1/behav/xsim/glbl.v" Line 6. Module glbl has a timescale but at least one module in design doesn't have timescale.
Completed simulation data flow analysis
Time Resolution for simulation is 1ps
Compiling module xil_defaultlib.tachometer_interface
Compiling module xil_defaultlib.tachometer_interface_tb
Compiling module xil_defaultlib.glbl
Built simulation snapshot tachometer_interface_tb_behav
INFO: [USF-XSim-69] 'elaborate' step finished in '1' seconds
INFO: [USF-XSim-4] XSim::Simulate design
INFO: [USF-XSim-61] Executing 'SIMULATE' step in '/home/dtorres/Documents/work/PID_maze_navigator/vivado/pwm/pwm.sim/sim_1/behav/xsim'
INFO: [USF-XSim-98] *** Running xsim
   with args "tachometer_interface_tb_behav -key {Behavioral:sim_1:Functional:tachometer_interface_tb} -tclbatch {tachometer_interface_tb.tcl} -view {/home/dtorres/Documents/work/PID_maze_navigator/vivado/pwm/tachometer_interface_tb_behav.wcfg} -log {simulate.log}"
INFO: [USF-XSim-8] Loading simulator feature
Time resolution is 1 ps
open_wave_config /home/dtorres/Documents/work/PID_maze_navigator/vivado/pwm/tachometer_interface_tb_behav.wcfg
source tachometer_interface_tb.tcl
# set curr_wave [current_wave_config]
# if { [string length $curr_wave] == 0 } {
#   if { [llength [get_objects]] > 0} {
#     add_wave /
#     set_property needs_save false [current_wave_config]
#   } else {
#      send_msg_id Add_Wave-1 WARNING "No top level signals found. Simulator will start without a wave window. If you want to open a wave window go to 'File->New Waveform Configuration' or type 'create_wave_config' in the TCL console."
#   }
# }
# run all
$finish called at time : 100000184 ns : File "/home/dtorres/Documents/work/PID_maze_navigator/sim/tachometer_interface_tb.sv" Line 39
run: Time (s): cpu = 00:00:09 ; elapsed = 00:00:09 . Memory (MB): peak = 8104.812 ; gain = 17.984 ; free physical = 6961 ; free virtual = 15585
xsim: Time (s): cpu = 00:00:10 ; elapsed = 00:00:10 . Memory (MB): peak = 8104.812 ; gain = 17.984 ; free physical = 6961 ; free virtual = 15585
INFO: [USF-XSim-96] XSim completed. Design snapshot 'tachometer_interface_tb_behav' loaded.
INFO: [USF-XSim-97] XSim simulation ran for all
launch_simulation: Time (s): cpu = 00:00:12 ; elapsed = 00:00:12 . Memory (MB): peak = 8104.812 ; gain = 17.984 ; free physical = 6961 ; free virtual = 15585
WARNING: [filemgmt 56-199] Attempt to get parsing info during refresh. "On-the-fly" syntax checking information may be incorrect. [/home/dtorres/Documents/work/PID_maze_navigator/sim/tachometer_interface_tb.sv:]
WARNING: [filemgmt 56-199] Attempt to get parsing info during refresh. "On-the-fly" syntax checking information may be incorrect. [/home/dtorres/Documents/work/PID_maze_navigator/src/tachometer_interface.sv:]
WARNING: [filemgmt 56-199] Attempt to get parsing info during refresh. "On-the-fly" syntax checking information may be incorrect. [/home/dtorres/Documents/work/PID_maze_navigator/src/tachometer_interface.sv:]
WARNING: [filemgmt 56-199] Attempt to get parsing info during refresh. "On-the-fly" syntax checking information may be incorrect. [/home/dtorres/Documents/work/PID_maze_navigator/src/tachometer_interface.sv:]
current_wave_config {tachometer_interface_tb_behav.wcfg}
tachometer_interface_tb_behav.wcfg
add_wave {{/tachometer_interface_tb/i_tachometer_interface/clock_cycle_cnt}} 
relaunch_sim
Command: launch_simulation -step compile -simset sim_1 -mode behavioral
INFO: [Vivado 12-12493] Simulation top is 'tachometer_interface_tb'
INFO: [Vivado 12-5682] Launching behavioral simulation in '/home/dtorres/Documents/work/PID_maze_navigator/vivado/pwm/pwm.sim/sim_1/behav/xsim'
INFO: [SIM-utils-51] Simulation object is 'sim_1'
INFO: [USF-XSim-2] XSim::Compile design
INFO: [USF-XSim-61] Executing 'COMPILE and ANALYZE' step in '/home/dtorres/Documents/work/PID_maze_navigator/vivado/pwm/pwm.sim/sim_1/behav/xsim'
xvlog --incr --relax -L uvm -prj tachometer_interface_tb_vlog.prj
Waiting for jobs to finish...
No pending jobs, compilation finished.
INFO: [USF-XSim-69] 'compile' step finished in '1' seconds
Command: launch_simulation -step elaborate -simset sim_1 -mode behavioral
INFO: [Vivado 12-12493] Simulation top is 'tachometer_interface_tb'
INFO: [Vivado 12-5682] Launching behavioral simulation in '/home/dtorres/Documents/work/PID_maze_navigator/vivado/pwm/pwm.sim/sim_1/behav/xsim'
INFO: [SIM-utils-51] Simulation object is 'sim_1'
INFO: [USF-XSim-3] XSim::Elaborate design
INFO: [USF-XSim-61] Executing 'ELABORATE' step in '/home/dtorres/Documents/work/PID_maze_navigator/vivado/pwm/pwm.sim/sim_1/behav/xsim'
xelab --incr --debug typical --relax --mt 8 -L xil_defaultlib -L uvm -L unisims_ver -L unimacro_ver -L secureip --snapshot tachometer_interface_tb_behav xil_defaultlib.tachometer_interface_tb xil_defaultlib.glbl -log elaborate.log
Vivado Simulator v2024.2.0
Copyright 1986-2022 Xilinx, Inc. All Rights Reserved.
Copyright 2022-2024 Advanced Micro Devices, Inc. All Rights Reserved.
Running: /opt/Xilinx/Vivado/2024.2/bin/unwrapped/lnx64.o/xelab --incr --debug typical --relax --mt 8 -L xil_defaultlib -L uvm -L unisims_ver -L unimacro_ver -L secureip --snapshot tachometer_interface_tb_behav xil_defaultlib.tachometer_interface_tb xil_defaultlib.glbl -log elaborate.log 
Using 8 slave threads.
Starting static elaboration
Pass Through NonSizing Optimizer
Completed static elaboration
INFO: [XSIM 43-4323] No Change in HDL. Linking previously generated obj files to create kernel
INFO: [USF-XSim-69] 'elaborate' step finished in '0' seconds
Time resolution is 1 ps
$finish called at time : 100000184 ns : File "/home/dtorres/Documents/work/PID_maze_navigator/sim/tachometer_interface_tb.sv" Line 39
run: Time (s): cpu = 00:00:17 ; elapsed = 00:00:16 . Memory (MB): peak = 8104.812 ; gain = 0.000 ; free physical = 6686 ; free virtual = 15584
relaunch_xsim_kernel: Time (s): cpu = 00:00:17 ; elapsed = 00:00:17 . Memory (MB): peak = 8104.812 ; gain = 0.000 ; free physical = 6686 ; free virtual = 15584
relaunch_sim: Time (s): cpu = 00:00:22 ; elapsed = 00:00:19 . Memory (MB): peak = 8104.812 ; gain = 0.000 ; free physical = 6686 ; free virtual = 15584
WARNING: [filemgmt 56-199] Attempt to get parsing info during refresh. "On-the-fly" syntax checking information may be incorrect. [/home/dtorres/Documents/work/PID_maze_navigator/sim/tachometer_interface_tb.sv:]
WARNING: [filemgmt 56-199] Attempt to get parsing info during refresh. "On-the-fly" syntax checking information may be incorrect. [/home/dtorres/Documents/work/PID_maze_navigator/src/tachometer_interface.sv:]
WARNING: [filemgmt 56-199] Attempt to get parsing info during refresh. "On-the-fly" syntax checking information may be incorrect. [/home/dtorres/Documents/work/PID_maze_navigator/src/tachometer_interface.sv:]
WARNING: [filemgmt 56-199] Attempt to get parsing info during refresh. "On-the-fly" syntax checking information may be incorrect. [/home/dtorres/Documents/work/PID_maze_navigator/src/tachometer_interface.sv:]
save_wave_config {/home/dtorres/Documents/work/PID_maze_navigator/vivado/pwm/tachometer_interface_tb_behav.wcfg}
close_sim
INFO: [Simtcl 6-16] Simulation closed
launch_simulation
Command: launch_simulation 
INFO: [Vivado 12-12493] Simulation top is 'tachometer_interface_tb'
INFO: [Vivado 12-5682] Launching behavioral simulation in '/home/dtorres/Documents/work/PID_maze_navigator/vivado/pwm/pwm.sim/sim_1/behav/xsim'
INFO: [SIM-utils-51] Simulation object is 'sim_1'
INFO: [SIM-utils-72] Using boost library from '/opt/Xilinx/Vivado/2024.2/tps/boost_1_72_0'
INFO: [SIM-utils-54] Inspecting design source files for 'tachometer_interface_tb' in fileset 'sim_1'...
INFO: [USF-XSim-97] Finding global include files...
INFO: [USF-XSim-98] Fetching design files from 'sim_1'...
INFO: [USF-XSim-2] XSim::Compile design
INFO: [USF-XSim-61] Executing 'COMPILE and ANALYZE' step in '/home/dtorres/Documents/work/PID_maze_navigator/vivado/pwm/pwm.sim/sim_1/behav/xsim'
xvlog --incr --relax -L uvm -prj tachometer_interface_tb_vlog.prj
INFO: [VRFC 10-2263] Analyzing SystemVerilog file "/home/dtorres/Documents/work/PID_maze_navigator/src/tachometer_interface.sv" into library xil_defaultlib
INFO: [VRFC 10-311] analyzing module tachometer_interface
INFO: [VRFC 10-2263] Analyzing SystemVerilog file "/home/dtorres/Documents/work/PID_maze_navigator/sim/tachometer_interface_tb.sv" into library xil_defaultlib
INFO: [VRFC 10-311] analyzing module tachometer_interface_tb
Waiting for jobs to finish...
No pending jobs, compilation finished.
INFO: [USF-XSim-69] 'compile' step finished in '1' seconds
INFO: [USF-XSim-3] XSim::Elaborate design
INFO: [USF-XSim-61] Executing 'ELABORATE' step in '/home/dtorres/Documents/work/PID_maze_navigator/vivado/pwm/pwm.sim/sim_1/behav/xsim'
xelab --incr --debug typical --relax --mt 8 -L xil_defaultlib -L uvm -L unisims_ver -L unimacro_ver -L secureip --snapshot tachometer_interface_tb_behav xil_defaultlib.tachometer_interface_tb xil_defaultlib.glbl -log elaborate.log
Vivado Simulator v2024.2.0
Copyright 1986-2022 Xilinx, Inc. All Rights Reserved.
Copyright 2022-2024 Advanced Micro Devices, Inc. All Rights Reserved.
Running: /opt/Xilinx/Vivado/2024.2/bin/unwrapped/lnx64.o/xelab --incr --debug typical --relax --mt 8 -L xil_defaultlib -L uvm -L unisims_ver -L unimacro_ver -L secureip --snapshot tachometer_interface_tb_behav xil_defaultlib.tachometer_interface_tb xil_defaultlib.glbl -log elaborate.log 
Using 8 slave threads.
Starting static elaboration
Pass Through NonSizing Optimizer
Completed static elaboration
Starting simulation data flow analysis
WARNING: [XSIM 43-4100] "/home/dtorres/Documents/work/PID_maze_navigator/vivado/pwm/pwm.sim/sim_1/behav/xsim/glbl.v" Line 6. Module glbl has a timescale but at least one module in design doesn't have timescale.
WARNING: [XSIM 43-4100] "/home/dtorres/Documents/work/PID_maze_navigator/vivado/pwm/pwm.sim/sim_1/behav/xsim/glbl.v" Line 6. Module glbl has a timescale but at least one module in design doesn't have timescale.
Completed simulation data flow analysis
Time Resolution for simulation is 1ps
Compiling module xil_defaultlib.tachometer_interface
Compiling module xil_defaultlib.tachometer_interface_tb
Compiling module xil_defaultlib.glbl
Built simulation snapshot tachometer_interface_tb_behav
INFO: [USF-XSim-69] 'elaborate' step finished in '1' seconds
INFO: [USF-XSim-4] XSim::Simulate design
INFO: [USF-XSim-61] Executing 'SIMULATE' step in '/home/dtorres/Documents/work/PID_maze_navigator/vivado/pwm/pwm.sim/sim_1/behav/xsim'
INFO: [USF-XSim-98] *** Running xsim
   with args "tachometer_interface_tb_behav -key {Behavioral:sim_1:Functional:tachometer_interface_tb} -tclbatch {tachometer_interface_tb.tcl} -view {/home/dtorres/Documents/work/PID_maze_navigator/vivado/pwm/tachometer_interface_tb_behav.wcfg} -log {simulate.log}"
INFO: [USF-XSim-8] Loading simulator feature
Time resolution is 1 ps
open_wave_config /home/dtorres/Documents/work/PID_maze_navigator/vivado/pwm/tachometer_interface_tb_behav.wcfg
source tachometer_interface_tb.tcl
# set curr_wave [current_wave_config]
# if { [string length $curr_wave] == 0 } {
#   if { [llength [get_objects]] > 0} {
#     add_wave /
#     set_property needs_save false [current_wave_config]
#   } else {
#      send_msg_id Add_Wave-1 WARNING "No top level signals found. Simulator will start without a wave window. If you want to open a wave window go to 'File->New Waveform Configuration' or type 'create_wave_config' in the TCL console."
#   }
# }
# run all
$finish called at time : 100008160 ns : File "/home/dtorres/Documents/work/PID_maze_navigator/sim/tachometer_interface_tb.sv" Line 40
run: Time (s): cpu = 00:00:17 ; elapsed = 00:00:16 . Memory (MB): peak = 8113.812 ; gain = 9.000 ; free physical = 6704 ; free virtual = 15603
xsim: Time (s): cpu = 00:00:17 ; elapsed = 00:00:17 . Memory (MB): peak = 8113.812 ; gain = 9.000 ; free physical = 6704 ; free virtual = 15603
INFO: [USF-XSim-96] XSim completed. Design snapshot 'tachometer_interface_tb_behav' loaded.
INFO: [USF-XSim-97] XSim simulation ran for all
launch_simulation: Time (s): cpu = 00:00:19 ; elapsed = 00:00:19 . Memory (MB): peak = 8113.812 ; gain = 9.000 ; free physical = 6704 ; free virtual = 15603
WARNING: [filemgmt 56-199] Attempt to get parsing info during refresh. "On-the-fly" syntax checking information may be incorrect. [/home/dtorres/Documents/work/PID_maze_navigator/sim/tachometer_interface_tb.sv:]
WARNING: [filemgmt 56-199] Attempt to get parsing info during refresh. "On-the-fly" syntax checking information may be incorrect. [/home/dtorres/Documents/work/PID_maze_navigator/src/tachometer_interface.sv:]
WARNING: [filemgmt 56-199] Attempt to get parsing info during refresh. "On-the-fly" syntax checking information may be incorrect. [/home/dtorres/Documents/work/PID_maze_navigator/sim/tachometer_interface_tb.sv:]
WARNING: [filemgmt 56-199] Attempt to get parsing info during refresh. "On-the-fly" syntax checking information may be incorrect. [/home/dtorres/Documents/work/PID_maze_navigator/sim/tachometer_interface_tb.sv:]
current_wave_config {tachometer_interface_tb_behav.wcfg}
tachometer_interface_tb_behav.wcfg
add_wave {{/tachometer_interface_tb/i_tachometer_interface/rising_edge_cnt}} 
current_wave_config {tachometer_interface_tb_behav.wcfg}
tachometer_interface_tb_behav.wcfg
add_wave {{/tachometer_interface_tb/i_tachometer_interface/prev_tachometer_pulse}} 
relaunch_sim
Command: launch_simulation -step compile -simset sim_1 -mode behavioral
INFO: [Vivado 12-12493] Simulation top is 'tachometer_interface_tb'
INFO: [Vivado 12-5682] Launching behavioral simulation in '/home/dtorres/Documents/work/PID_maze_navigator/vivado/pwm/pwm.sim/sim_1/behav/xsim'
INFO: [SIM-utils-51] Simulation object is 'sim_1'
INFO: [USF-XSim-2] XSim::Compile design
INFO: [USF-XSim-61] Executing 'COMPILE and ANALYZE' step in '/home/dtorres/Documents/work/PID_maze_navigator/vivado/pwm/pwm.sim/sim_1/behav/xsim'
xvlog --incr --relax -L uvm -prj tachometer_interface_tb_vlog.prj
Waiting for jobs to finish...
No pending jobs, compilation finished.
INFO: [USF-XSim-69] 'compile' step finished in '1' seconds
Command: launch_simulation -step elaborate -simset sim_1 -mode behavioral
INFO: [Vivado 12-12493] Simulation top is 'tachometer_interface_tb'
INFO: [Vivado 12-5682] Launching behavioral simulation in '/home/dtorres/Documents/work/PID_maze_navigator/vivado/pwm/pwm.sim/sim_1/behav/xsim'
INFO: [SIM-utils-51] Simulation object is 'sim_1'
INFO: [USF-XSim-3] XSim::Elaborate design
INFO: [USF-XSim-61] Executing 'ELABORATE' step in '/home/dtorres/Documents/work/PID_maze_navigator/vivado/pwm/pwm.sim/sim_1/behav/xsim'
xelab --incr --debug typical --relax --mt 8 -L xil_defaultlib -L uvm -L unisims_ver -L unimacro_ver -L secureip --snapshot tachometer_interface_tb_behav xil_defaultlib.tachometer_interface_tb xil_defaultlib.glbl -log elaborate.log
Vivado Simulator v2024.2.0
Copyright 1986-2022 Xilinx, Inc. All Rights Reserved.
Copyright 2022-2024 Advanced Micro Devices, Inc. All Rights Reserved.
Running: /opt/Xilinx/Vivado/2024.2/bin/unwrapped/lnx64.o/xelab --incr --debug typical --relax --mt 8 -L xil_defaultlib -L uvm -L unisims_ver -L unimacro_ver -L secureip --snapshot tachometer_interface_tb_behav xil_defaultlib.tachometer_interface_tb xil_defaultlib.glbl -log elaborate.log 
Using 8 slave threads.
Starting static elaboration
Pass Through NonSizing Optimizer
Completed static elaboration
INFO: [XSIM 43-4323] No Change in HDL. Linking previously generated obj files to create kernel
INFO: [USF-XSim-69] 'elaborate' step finished in '1' seconds
Time resolution is 1 ps
$finish called at time : 100008160 ns : File "/home/dtorres/Documents/work/PID_maze_navigator/sim/tachometer_interface_tb.sv" Line 40
run: Time (s): cpu = 00:00:17 ; elapsed = 00:00:16 . Memory (MB): peak = 8113.812 ; gain = 0.000 ; free physical = 6647 ; free virtual = 15552
relaunch_xsim_kernel: Time (s): cpu = 00:00:17 ; elapsed = 00:00:17 . Memory (MB): peak = 8113.812 ; gain = 0.000 ; free physical = 6647 ; free virtual = 15552
relaunch_sim: Time (s): cpu = 00:00:23 ; elapsed = 00:00:19 . Memory (MB): peak = 8113.812 ; gain = 0.000 ; free physical = 6647 ; free virtual = 15552
current_wave_config {tachometer_interface_tb_behav.wcfg}
tachometer_interface_tb_behav.wcfg
add_wave {{/tachometer_interface_tb/i_tachometer_interface/tachometer_pulse_in}} 
relaunch_sim
Command: launch_simulation -step compile -simset sim_1 -mode behavioral
INFO: [Vivado 12-12493] Simulation top is 'tachometer_interface_tb'
INFO: [Vivado 12-5682] Launching behavioral simulation in '/home/dtorres/Documents/work/PID_maze_navigator/vivado/pwm/pwm.sim/sim_1/behav/xsim'
INFO: [SIM-utils-51] Simulation object is 'sim_1'
INFO: [USF-XSim-2] XSim::Compile design
INFO: [USF-XSim-61] Executing 'COMPILE and ANALYZE' step in '/home/dtorres/Documents/work/PID_maze_navigator/vivado/pwm/pwm.sim/sim_1/behav/xsim'
xvlog --incr --relax -L uvm -prj tachometer_interface_tb_vlog.prj
Waiting for jobs to finish...
No pending jobs, compilation finished.
INFO: [USF-XSim-69] 'compile' step finished in '1' seconds
Command: launch_simulation -step elaborate -simset sim_1 -mode behavioral
INFO: [Vivado 12-12493] Simulation top is 'tachometer_interface_tb'
INFO: [Vivado 12-5682] Launching behavioral simulation in '/home/dtorres/Documents/work/PID_maze_navigator/vivado/pwm/pwm.sim/sim_1/behav/xsim'
INFO: [SIM-utils-51] Simulation object is 'sim_1'
INFO: [USF-XSim-3] XSim::Elaborate design
INFO: [USF-XSim-61] Executing 'ELABORATE' step in '/home/dtorres/Documents/work/PID_maze_navigator/vivado/pwm/pwm.sim/sim_1/behav/xsim'
xelab --incr --debug typical --relax --mt 8 -L xil_defaultlib -L uvm -L unisims_ver -L unimacro_ver -L secureip --snapshot tachometer_interface_tb_behav xil_defaultlib.tachometer_interface_tb xil_defaultlib.glbl -log elaborate.log
Vivado Simulator v2024.2.0
Copyright 1986-2022 Xilinx, Inc. All Rights Reserved.
Copyright 2022-2024 Advanced Micro Devices, Inc. All Rights Reserved.
Running: /opt/Xilinx/Vivado/2024.2/bin/unwrapped/lnx64.o/xelab --incr --debug typical --relax --mt 8 -L xil_defaultlib -L uvm -L unisims_ver -L unimacro_ver -L secureip --snapshot tachometer_interface_tb_behav xil_defaultlib.tachometer_interface_tb xil_defaultlib.glbl -log elaborate.log 
Using 8 slave threads.
Starting static elaboration
Pass Through NonSizing Optimizer
Completed static elaboration
INFO: [XSIM 43-4323] No Change in HDL. Linking previously generated obj files to create kernel
INFO: [USF-XSim-69] 'elaborate' step finished in '1' seconds
Time resolution is 1 ps
$finish called at time : 100008160 ns : File "/home/dtorres/Documents/work/PID_maze_navigator/sim/tachometer_interface_tb.sv" Line 40
run: Time (s): cpu = 00:00:17 ; elapsed = 00:00:16 . Memory (MB): peak = 8113.812 ; gain = 0.000 ; free physical = 6665 ; free virtual = 15571
relaunch_xsim_kernel: Time (s): cpu = 00:00:17 ; elapsed = 00:00:17 . Memory (MB): peak = 8113.812 ; gain = 0.000 ; free physical = 6665 ; free virtual = 15571
relaunch_sim: Time (s): cpu = 00:00:23 ; elapsed = 00:00:19 . Memory (MB): peak = 8113.812 ; gain = 0.000 ; free physical = 6665 ; free virtual = 15571
WARNING: [filemgmt 56-199] Attempt to get parsing info during refresh. "On-the-fly" syntax checking information may be incorrect. [/home/dtorres/Documents/work/PID_maze_navigator/sim/tachometer_interface_tb.sv:]
WARNING: [filemgmt 56-199] Attempt to get parsing info during refresh. "On-the-fly" syntax checking information may be incorrect. [/home/dtorres/Documents/work/PID_maze_navigator/src/tachometer_interface.sv:]
WARNING: [filemgmt 56-199] Attempt to get parsing info during refresh. "On-the-fly" syntax checking information may be incorrect. [/home/dtorres/Documents/work/PID_maze_navigator/sim/tachometer_interface_tb.sv:]
WARNING: [filemgmt 56-199] Attempt to get parsing info during refresh. "On-the-fly" syntax checking information may be incorrect. [/home/dtorres/Documents/work/PID_maze_navigator/sim/tachometer_interface_tb.sv:]
WARNING: [filemgmt 56-199] Attempt to get parsing info during refresh. "On-the-fly" syntax checking information may be incorrect. [/home/dtorres/Documents/work/PID_maze_navigator/sim/tachometer_interface_tb.sv:]
WARNING: [filemgmt 56-199] Attempt to get parsing info during refresh. "On-the-fly" syntax checking information may be incorrect. [/home/dtorres/Documents/work/PID_maze_navigator/src/tachometer_interface.sv:]
WARNING: [filemgmt 56-199] Attempt to get parsing info during refresh. "On-the-fly" syntax checking information may be incorrect. [/home/dtorres/Documents/work/PID_maze_navigator/src/tachometer_interface.sv:]
WARNING: [filemgmt 56-199] Attempt to get parsing info during refresh. "On-the-fly" syntax checking information may be incorrect. [/home/dtorres/Documents/work/PID_maze_navigator/src/tachometer_interface.sv:]
relaunch_sim
Command: launch_simulation -step compile -simset sim_1 -mode behavioral
INFO: [Vivado 12-12493] Simulation top is 'tachometer_interface_tb'
INFO: [Vivado 12-5682] Launching behavioral simulation in '/home/dtorres/Documents/work/PID_maze_navigator/vivado/pwm/pwm.sim/sim_1/behav/xsim'
INFO: [SIM-utils-51] Simulation object is 'sim_1'
INFO: [USF-XSim-2] XSim::Compile design
INFO: [USF-XSim-61] Executing 'COMPILE and ANALYZE' step in '/home/dtorres/Documents/work/PID_maze_navigator/vivado/pwm/pwm.sim/sim_1/behav/xsim'
xvlog --incr --relax -L uvm -prj tachometer_interface_tb_vlog.prj
INFO: [VRFC 10-2263] Analyzing SystemVerilog file "/home/dtorres/Documents/work/PID_maze_navigator/src/tachometer_interface.sv" into library xil_defaultlib
INFO: [VRFC 10-311] analyzing module tachometer_interface
INFO: [VRFC 10-2263] Analyzing SystemVerilog file "/home/dtorres/Documents/work/PID_maze_navigator/sim/tachometer_interface_tb.sv" into library xil_defaultlib
INFO: [VRFC 10-311] analyzing module tachometer_interface_tb
Waiting for jobs to finish...
No pending jobs, compilation finished.
INFO: [USF-XSim-69] 'compile' step finished in '1' seconds
Command: launch_simulation -step elaborate -simset sim_1 -mode behavioral
INFO: [Vivado 12-12493] Simulation top is 'tachometer_interface_tb'
INFO: [Vivado 12-5682] Launching behavioral simulation in '/home/dtorres/Documents/work/PID_maze_navigator/vivado/pwm/pwm.sim/sim_1/behav/xsim'
INFO: [SIM-utils-51] Simulation object is 'sim_1'
INFO: [USF-XSim-3] XSim::Elaborate design
INFO: [USF-XSim-61] Executing 'ELABORATE' step in '/home/dtorres/Documents/work/PID_maze_navigator/vivado/pwm/pwm.sim/sim_1/behav/xsim'
xelab --incr --debug typical --relax --mt 8 -L xil_defaultlib -L uvm -L unisims_ver -L unimacro_ver -L secureip --snapshot tachometer_interface_tb_behav xil_defaultlib.tachometer_interface_tb xil_defaultlib.glbl -log elaborate.log
Vivado Simulator v2024.2.0
Copyright 1986-2022 Xilinx, Inc. All Rights Reserved.
Copyright 2022-2024 Advanced Micro Devices, Inc. All Rights Reserved.
Running: /opt/Xilinx/Vivado/2024.2/bin/unwrapped/lnx64.o/xelab --incr --debug typical --relax --mt 8 -L xil_defaultlib -L uvm -L unisims_ver -L unimacro_ver -L secureip --snapshot tachometer_interface_tb_behav xil_defaultlib.tachometer_interface_tb xil_defaultlib.glbl -log elaborate.log 
Using 8 slave threads.
Starting static elaboration
Pass Through NonSizing Optimizer
Completed static elaboration
Starting simulation data flow analysis
WARNING: [XSIM 43-4100] "/home/dtorres/Documents/work/PID_maze_navigator/vivado/pwm/pwm.sim/sim_1/behav/xsim/glbl.v" Line 6. Module glbl has a timescale but at least one module in design doesn't have timescale.
WARNING: [XSIM 43-4100] "/home/dtorres/Documents/work/PID_maze_navigator/vivado/pwm/pwm.sim/sim_1/behav/xsim/glbl.v" Line 6. Module glbl has a timescale but at least one module in design doesn't have timescale.
Completed simulation data flow analysis
Time Resolution for simulation is 1ps
Compiling module xil_defaultlib.tachometer_interface
Compiling module xil_defaultlib.tachometer_interface_tb
Compiling module xil_defaultlib.glbl
Built simulation snapshot tachometer_interface_tb_behav
INFO: [USF-XSim-69] 'elaborate' step finished in '1' seconds
Time resolution is 1 ps
$finish called at time : 100008160 ns : File "/home/dtorres/Documents/work/PID_maze_navigator/sim/tachometer_interface_tb.sv" Line 40
run: Time (s): cpu = 00:00:16 ; elapsed = 00:00:16 . Memory (MB): peak = 8122.836 ; gain = 0.000 ; free physical = 6604 ; free virtual = 15518
relaunch_xsim_kernel: Time (s): cpu = 00:00:16 ; elapsed = 00:00:17 . Memory (MB): peak = 8122.836 ; gain = 0.000 ; free physical = 6604 ; free virtual = 15518
relaunch_sim: Time (s): cpu = 00:00:23 ; elapsed = 00:00:19 . Memory (MB): peak = 8122.836 ; gain = 0.000 ; free physical = 6604 ; free virtual = 15518
WARNING: [filemgmt 56-199] Attempt to get parsing info during refresh. "On-the-fly" syntax checking information may be incorrect. [/home/dtorres/Documents/work/PID_maze_navigator/sim/tachometer_interface_tb.sv:]
WARNING: [filemgmt 56-199] Attempt to get parsing info during refresh. "On-the-fly" syntax checking information may be incorrect. [/home/dtorres/Documents/work/PID_maze_navigator/src/tachometer_interface.sv:]
WARNING: [filemgmt 56-199] Attempt to get parsing info during refresh. "On-the-fly" syntax checking information may be incorrect. [/home/dtorres/Documents/work/PID_maze_navigator/src/tachometer_interface.sv:]
WARNING: [filemgmt 56-199] Attempt to get parsing info during refresh. "On-the-fly" syntax checking information may be incorrect. [/home/dtorres/Documents/work/PID_maze_navigator/src/tachometer_interface.sv:]
WARNING: [filemgmt 56-199] Attempt to get parsing info during refresh. "On-the-fly" syntax checking information may be incorrect. [/home/dtorres/Documents/work/PID_maze_navigator/sim/tachometer_interface_tb.sv:]
WARNING: [filemgmt 56-199] Attempt to get parsing info during refresh. "On-the-fly" syntax checking information may be incorrect. [/home/dtorres/Documents/work/PID_maze_navigator/src/tachometer_interface.sv:]
WARNING: [filemgmt 56-199] Attempt to get parsing info during refresh. "On-the-fly" syntax checking information may be incorrect. [/home/dtorres/Documents/work/PID_maze_navigator/src/tachometer_interface.sv:]
WARNING: [filemgmt 56-199] Attempt to get parsing info during refresh. "On-the-fly" syntax checking information may be incorrect. [/home/dtorres/Documents/work/PID_maze_navigator/src/tachometer_interface.sv:]
save_wave_config {/home/dtorres/Documents/work/PID_maze_navigator/vivado/pwm/tachometer_interface_tb_behav.wcfg}
close_sim
INFO: [Simtcl 6-16] Simulation closed
launch_simulation
Command: launch_simulation 
INFO: [Vivado 12-12493] Simulation top is 'tachometer_interface_tb'
INFO: [Vivado 12-5682] Launching behavioral simulation in '/home/dtorres/Documents/work/PID_maze_navigator/vivado/pwm/pwm.sim/sim_1/behav/xsim'
INFO: [SIM-utils-51] Simulation object is 'sim_1'
INFO: [SIM-utils-72] Using boost library from '/opt/Xilinx/Vivado/2024.2/tps/boost_1_72_0'
INFO: [SIM-utils-54] Inspecting design source files for 'tachometer_interface_tb' in fileset 'sim_1'...
INFO: [USF-XSim-97] Finding global include files...
INFO: [USF-XSim-98] Fetching design files from 'sim_1'...
INFO: [USF-XSim-2] XSim::Compile design
INFO: [USF-XSim-61] Executing 'COMPILE and ANALYZE' step in '/home/dtorres/Documents/work/PID_maze_navigator/vivado/pwm/pwm.sim/sim_1/behav/xsim'
xvlog --incr --relax -L uvm -prj tachometer_interface_tb_vlog.prj
INFO: [VRFC 10-2263] Analyzing SystemVerilog file "/home/dtorres/Documents/work/PID_maze_navigator/src/tachometer_interface.sv" into library xil_defaultlib
INFO: [VRFC 10-311] analyzing module tachometer_interface
INFO: [VRFC 10-2263] Analyzing SystemVerilog file "/home/dtorres/Documents/work/PID_maze_navigator/sim/tachometer_interface_tb.sv" into library xil_defaultlib
INFO: [VRFC 10-311] analyzing module tachometer_interface_tb
Waiting for jobs to finish...
No pending jobs, compilation finished.
INFO: [USF-XSim-69] 'compile' step finished in '1' seconds
INFO: [USF-XSim-3] XSim::Elaborate design
INFO: [USF-XSim-61] Executing 'ELABORATE' step in '/home/dtorres/Documents/work/PID_maze_navigator/vivado/pwm/pwm.sim/sim_1/behav/xsim'
xelab --incr --debug typical --relax --mt 8 -L xil_defaultlib -L uvm -L unisims_ver -L unimacro_ver -L secureip --snapshot tachometer_interface_tb_behav xil_defaultlib.tachometer_interface_tb xil_defaultlib.glbl -log elaborate.log
Vivado Simulator v2024.2.0
Copyright 1986-2022 Xilinx, Inc. All Rights Reserved.
Copyright 2022-2024 Advanced Micro Devices, Inc. All Rights Reserved.
Running: /opt/Xilinx/Vivado/2024.2/bin/unwrapped/lnx64.o/xelab --incr --debug typical --relax --mt 8 -L xil_defaultlib -L uvm -L unisims_ver -L unimacro_ver -L secureip --snapshot tachometer_interface_tb_behav xil_defaultlib.tachometer_interface_tb xil_defaultlib.glbl -log elaborate.log 
Using 8 slave threads.
Starting static elaboration
Pass Through NonSizing Optimizer
Completed static elaboration
Starting simulation data flow analysis
WARNING: [XSIM 43-4100] "/home/dtorres/Documents/work/PID_maze_navigator/vivado/pwm/pwm.sim/sim_1/behav/xsim/glbl.v" Line 6. Module glbl has a timescale but at least one module in design doesn't have timescale.
WARNING: [XSIM 43-4100] "/home/dtorres/Documents/work/PID_maze_navigator/vivado/pwm/pwm.sim/sim_1/behav/xsim/glbl.v" Line 6. Module glbl has a timescale but at least one module in design doesn't have timescale.
Completed simulation data flow analysis
Time Resolution for simulation is 1ps
Compiling module xil_defaultlib.tachometer_interface
Compiling module xil_defaultlib.tachometer_interface_tb
Compiling module xil_defaultlib.glbl
Built simulation snapshot tachometer_interface_tb_behav
INFO: [USF-XSim-69] 'elaborate' step finished in '1' seconds
INFO: [USF-XSim-4] XSim::Simulate design
INFO: [USF-XSim-61] Executing 'SIMULATE' step in '/home/dtorres/Documents/work/PID_maze_navigator/vivado/pwm/pwm.sim/sim_1/behav/xsim'
INFO: [USF-XSim-98] *** Running xsim
   with args "tachometer_interface_tb_behav -key {Behavioral:sim_1:Functional:tachometer_interface_tb} -tclbatch {tachometer_interface_tb.tcl} -view {/home/dtorres/Documents/work/PID_maze_navigator/vivado/pwm/tachometer_interface_tb_behav.wcfg} -log {simulate.log}"
INFO: [USF-XSim-8] Loading simulator feature
Time resolution is 1 ps
open_wave_config /home/dtorres/Documents/work/PID_maze_navigator/vivado/pwm/tachometer_interface_tb_behav.wcfg
source tachometer_interface_tb.tcl
# set curr_wave [current_wave_config]
# if { [string length $curr_wave] == 0 } {
#   if { [llength [get_objects]] > 0} {
#     add_wave /
#     set_property needs_save false [current_wave_config]
#   } else {
#      send_msg_id Add_Wave-1 WARNING "No top level signals found. Simulator will start without a wave window. If you want to open a wave window go to 'File->New Waveform Configuration' or type 'create_wave_config' in the TCL console."
#   }
# }
# run all
$finish called at time : 152800 ns : File "/home/dtorres/Documents/work/PID_maze_navigator/sim/tachometer_interface_tb.sv" Line 40
INFO: [USF-XSim-96] XSim completed. Design snapshot 'tachometer_interface_tb_behav' loaded.
INFO: [USF-XSim-97] XSim simulation ran for all
WARNING: [filemgmt 56-199] Attempt to get parsing info during refresh. "On-the-fly" syntax checking information may be incorrect. [/home/dtorres/Documents/work/PID_maze_navigator/sim/tachometer_interface_tb.sv:]
WARNING: [filemgmt 56-199] Attempt to get parsing info during refresh. "On-the-fly" syntax checking information may be incorrect. [/home/dtorres/Documents/work/PID_maze_navigator/src/tachometer_interface.sv:]
WARNING: [filemgmt 56-199] Attempt to get parsing info during refresh. "On-the-fly" syntax checking information may be incorrect. [/home/dtorres/Documents/work/PID_maze_navigator/src/tachometer_interface.sv:]
WARNING: [filemgmt 56-199] Attempt to get parsing info during refresh. "On-the-fly" syntax checking information may be incorrect. [/home/dtorres/Documents/work/PID_maze_navigator/src/tachometer_interface.sv:]
WARNING: [filemgmt 56-199] Attempt to get parsing info during refresh. "On-the-fly" syntax checking information may be incorrect. [/home/dtorres/Documents/work/PID_maze_navigator/sim/tachometer_interface_tb.sv:]
WARNING: [filemgmt 56-199] Attempt to get parsing info during refresh. "On-the-fly" syntax checking information may be incorrect. [/home/dtorres/Documents/work/PID_maze_navigator/src/tachometer_interface.sv:]
WARNING: [filemgmt 56-199] Attempt to get parsing info during refresh. "On-the-fly" syntax checking information may be incorrect. [/home/dtorres/Documents/work/PID_maze_navigator/sim/tachometer_interface_tb.sv:]
WARNING: [filemgmt 56-199] Attempt to get parsing info during refresh. "On-the-fly" syntax checking information may be incorrect. [/home/dtorres/Documents/work/PID_maze_navigator/sim/tachometer_interface_tb.sv:]
close_sim
INFO: [Simtcl 6-16] Simulation closed
launch_simulation
Command: launch_simulation 
INFO: [Vivado 12-12493] Simulation top is 'tachometer_interface_tb'
INFO: [Vivado 12-5682] Launching behavioral simulation in '/home/dtorres/Documents/work/PID_maze_navigator/vivado/pwm/pwm.sim/sim_1/behav/xsim'
INFO: [SIM-utils-51] Simulation object is 'sim_1'
INFO: [SIM-utils-72] Using boost library from '/opt/Xilinx/Vivado/2024.2/tps/boost_1_72_0'
INFO: [SIM-utils-54] Inspecting design source files for 'tachometer_interface_tb' in fileset 'sim_1'...
INFO: [USF-XSim-97] Finding global include files...
INFO: [USF-XSim-98] Fetching design files from 'sim_1'...
INFO: [USF-XSim-2] XSim::Compile design
INFO: [USF-XSim-61] Executing 'COMPILE and ANALYZE' step in '/home/dtorres/Documents/work/PID_maze_navigator/vivado/pwm/pwm.sim/sim_1/behav/xsim'
xvlog --incr --relax -L uvm -prj tachometer_interface_tb_vlog.prj
INFO: [VRFC 10-2263] Analyzing SystemVerilog file "/home/dtorres/Documents/work/PID_maze_navigator/src/tachometer_interface.sv" into library xil_defaultlib
INFO: [VRFC 10-311] analyzing module tachometer_interface
INFO: [VRFC 10-2263] Analyzing SystemVerilog file "/home/dtorres/Documents/work/PID_maze_navigator/sim/tachometer_interface_tb.sv" into library xil_defaultlib
INFO: [VRFC 10-311] analyzing module tachometer_interface_tb
Waiting for jobs to finish...
No pending jobs, compilation finished.
INFO: [USF-XSim-69] 'compile' step finished in '1' seconds
INFO: [USF-XSim-3] XSim::Elaborate design
INFO: [USF-XSim-61] Executing 'ELABORATE' step in '/home/dtorres/Documents/work/PID_maze_navigator/vivado/pwm/pwm.sim/sim_1/behav/xsim'
xelab --incr --debug typical --relax --mt 8 -L xil_defaultlib -L uvm -L unisims_ver -L unimacro_ver -L secureip --snapshot tachometer_interface_tb_behav xil_defaultlib.tachometer_interface_tb xil_defaultlib.glbl -log elaborate.log
Vivado Simulator v2024.2.0
Copyright 1986-2022 Xilinx, Inc. All Rights Reserved.
Copyright 2022-2024 Advanced Micro Devices, Inc. All Rights Reserved.
Running: /opt/Xilinx/Vivado/2024.2/bin/unwrapped/lnx64.o/xelab --incr --debug typical --relax --mt 8 -L xil_defaultlib -L uvm -L unisims_ver -L unimacro_ver -L secureip --snapshot tachometer_interface_tb_behav xil_defaultlib.tachometer_interface_tb xil_defaultlib.glbl -log elaborate.log 
Using 8 slave threads.
Starting static elaboration
Pass Through NonSizing Optimizer
Completed static elaboration
Starting simulation data flow analysis
WARNING: [XSIM 43-4100] "/home/dtorres/Documents/work/PID_maze_navigator/vivado/pwm/pwm.sim/sim_1/behav/xsim/glbl.v" Line 6. Module glbl has a timescale but at least one module in design doesn't have timescale.
WARNING: [XSIM 43-4100] "/home/dtorres/Documents/work/PID_maze_navigator/vivado/pwm/pwm.sim/sim_1/behav/xsim/glbl.v" Line 6. Module glbl has a timescale but at least one module in design doesn't have timescale.
Completed simulation data flow analysis
Time Resolution for simulation is 1ps
Compiling module xil_defaultlib.tachometer_interface
Compiling module xil_defaultlib.tachometer_interface_tb
Compiling module xil_defaultlib.glbl
Built simulation snapshot tachometer_interface_tb_behav
INFO: [USF-XSim-69] 'elaborate' step finished in '1' seconds
INFO: [USF-XSim-4] XSim::Simulate design
INFO: [USF-XSim-61] Executing 'SIMULATE' step in '/home/dtorres/Documents/work/PID_maze_navigator/vivado/pwm/pwm.sim/sim_1/behav/xsim'
INFO: [USF-XSim-98] *** Running xsim
   with args "tachometer_interface_tb_behav -key {Behavioral:sim_1:Functional:tachometer_interface_tb} -tclbatch {tachometer_interface_tb.tcl} -view {/home/dtorres/Documents/work/PID_maze_navigator/vivado/pwm/tachometer_interface_tb_behav.wcfg} -log {simulate.log}"
INFO: [USF-XSim-8] Loading simulator feature
Time resolution is 1 ps
open_wave_config /home/dtorres/Documents/work/PID_maze_navigator/vivado/pwm/tachometer_interface_tb_behav.wcfg
source tachometer_interface_tb.tcl
# set curr_wave [current_wave_config]
# if { [string length $curr_wave] == 0 } {
#   if { [llength [get_objects]] > 0} {
#     add_wave /
#     set_property needs_save false [current_wave_config]
#   } else {
#      send_msg_id Add_Wave-1 WARNING "No top level signals found. Simulator will start without a wave window. If you want to open a wave window go to 'File->New Waveform Configuration' or type 'create_wave_config' in the TCL console."
#   }
# }
# run all
$finish called at time : 100144800 ns : File "/home/dtorres/Documents/work/PID_maze_navigator/sim/tachometer_interface_tb.sv" Line 40
run: Time (s): cpu = 00:00:17 ; elapsed = 00:00:16 . Memory (MB): peak = 8170.840 ; gain = 0.000 ; free physical = 6594 ; free virtual = 15504
xsim: Time (s): cpu = 00:00:17 ; elapsed = 00:00:17 . Memory (MB): peak = 8170.840 ; gain = 0.000 ; free physical = 6594 ; free virtual = 15504
INFO: [USF-XSim-96] XSim completed. Design snapshot 'tachometer_interface_tb_behav' loaded.
INFO: [USF-XSim-97] XSim simulation ran for all
launch_simulation: Time (s): cpu = 00:00:19 ; elapsed = 00:00:19 . Memory (MB): peak = 8170.840 ; gain = 0.000 ; free physical = 6594 ; free virtual = 15504
close_sim
INFO: [Simtcl 6-16] Simulation closed
exit
INFO: [Common 17-206] Exiting Vivado at Sat Feb 15 05:33:58 2025...
